<?xml version="1.0" encoding="UTF-8"?>
<!-- Generated by org.testng.reporters.JUnitXMLReporter -->
<testsuite ignored="0" hostname="LAPTOP-UC8A7BTO" failures="0" tests="5" name="Default test" time="4.269" errors="0" timestamp="2023-10-07T16:49:33 IST">
  <testcase classname="qa.opencart.test.AccountsPageTest" name="Accountspagelogotest" time="0.041"/>
  <testcase classname="qa.opencart.test.AccountsPageTest" name="Accountspagesectionheadertest" time="0.071"/>
  <testcase classname="qa.opencart.test.AccountsPageTest" name="Accountspagetitletest" time="0.023"/>
  <testcase classname="qa.opencart.test.AccountsPageTest" name="logoutlinktest" time="0.04"/>
  <testcase classname="qa.opencart.test.AccountsPageTest" name="searchbartest" time="0.062"/>
</testsuite> <!-- Default test -->
