<?xml version="1.0" encoding="UTF-8"?>
<testng-results ignored="0" total="5" passed="5" failed="0" skipped="0">
  <reporter-output>
  </reporter-output>
  <suite started-at="2023-10-07T16:49:29 IST" name="Default suite" finished-at="2023-10-07T16:49:33 IST" duration-ms="4269">
    <groups>
    </groups>
    <test started-at="2023-10-07T16:49:29 IST" name="Default test" finished-at="2023-10-07T16:49:33 IST" duration-ms="4269">
      <class name="qa.opencart.test.AccountsPageTest">
        <test-method is-config="true" signature="setup()[pri:0, instance:qa.opencart.test.AccountsPageTest@7bd4937b]" started-at="2023-10-07T16:49:29 IST" name="setup" finished-at="2023-10-07T16:49:32 IST" duration-ms="3247" status="PASS">
          <reporter-output>
          </reporter-output>
        </test-method> <!-- setup -->
        <test-method is-config="true" signature="accsetup()[pri:0, instance:qa.opencart.test.AccountsPageTest@7bd4937b]" started-at="2023-10-07T16:49:32 IST" name="accsetup" finished-at="2023-10-07T16:49:32 IST" duration-ms="589" status="PASS">
          <reporter-output>
          </reporter-output>
        </test-method> <!-- accsetup -->
        <test-method signature="Accountspagelogotest()[pri:0, instance:qa.opencart.test.AccountsPageTest@7bd4937b]" started-at="2023-10-07T16:49:32 IST" name="Accountspagelogotest" finished-at="2023-10-07T16:49:32 IST" duration-ms="41" status="PASS">
          <reporter-output>
          </reporter-output>
        </test-method> <!-- Accountspagelogotest -->
        <test-method signature="Accountspagesectionheadertest()[pri:0, instance:qa.opencart.test.AccountsPageTest@7bd4937b]" started-at="2023-10-07T16:49:32 IST" name="Accountspagesectionheadertest" finished-at="2023-10-07T16:49:32 IST" duration-ms="71" status="PASS">
          <reporter-output>
          </reporter-output>
        </test-method> <!-- Accountspagesectionheadertest -->
        <test-method signature="Accountspagetitletest()[pri:0, instance:qa.opencart.test.AccountsPageTest@7bd4937b]" started-at="2023-10-07T16:49:32 IST" name="Accountspagetitletest" finished-at="2023-10-07T16:49:33 IST" duration-ms="23" status="PASS">
          <reporter-output>
          </reporter-output>
        </test-method> <!-- Accountspagetitletest -->
        <test-method signature="logoutlinktest()[pri:0, instance:qa.opencart.test.AccountsPageTest@7bd4937b]" started-at="2023-10-07T16:49:33 IST" name="logoutlinktest" finished-at="2023-10-07T16:49:33 IST" duration-ms="40" status="PASS">
          <reporter-output>
          </reporter-output>
        </test-method> <!-- logoutlinktest -->
        <test-method signature="searchbartest()[pri:0, instance:qa.opencart.test.AccountsPageTest@7bd4937b]" started-at="2023-10-07T16:49:33 IST" name="searchbartest" finished-at="2023-10-07T16:49:33 IST" duration-ms="62" status="PASS">
          <reporter-output>
          </reporter-output>
        </test-method> <!-- searchbartest -->
        <test-method is-config="true" signature="quitbrowser()[pri:0, instance:qa.opencart.test.AccountsPageTest@7bd4937b]" started-at="2023-10-07T16:49:33 IST" name="quitbrowser" finished-at="2023-10-07T16:49:33 IST" duration-ms="164" status="PASS">
          <reporter-output>
          </reporter-output>
        </test-method> <!-- quitbrowser -->
      </class> <!-- qa.opencart.test.AccountsPageTest -->
    </test> <!-- Default test -->
  </suite> <!-- Default suite -->
</testng-results>
